<?xml version="1.0" encoding="UTF-8"?>
<Site BuildName="Win32-mingw32-make"
	BuildStamp="20230927-0529-Experimental"
	Name="LT0326686"
	Generator="ctest-3.27.6"
	CompilerName="C:/msys64/mingw64/bin/g++.exe"
	CompilerVersion="13.2.0"
	OSName="Windows"
	Hostname="LT0326686"
	OSRelease=" Professional"
	OSVersion=" (Build 19045)"
	OSPlatform="AMD64"
	Is64Bits="1"
	VendorString="GenuineIntel"
	VendorID="Intel Corporation"
	FamilyID="6"
	ModelID="12"
	ProcessorCacheSize="-1"
	NumberOfLogicalCPU="8"
	NumberOfPhysicalCPU="4"
	TotalVirtualMemory="23232"
	TotalPhysicalMemory="16064"
	LogicalProcessorsPerPhysical="2"
	ProcessorClockFrequency="2611"
	>
	<Testing>
		<StartDateTime>Sep 27 19:10 India Standard Time</StartDateTime>
		<StartTestTime>1695822021</StartTestTime>
		<TestList/>
		<EndDateTime>Sep 27 19:10 India Standard Time</EndDateTime>
		<EndTestTime>1695822021</EndTestTime>
		<ElapsedMinutes>0</ElapsedMinutes>
	</Testing>
</Site>
